2024-12-26 16:40:52,416 : org.api.productcatalogservice.ProductCAtalogServiceApplication : INFO --> Starting ProductCAtalogServiceApplication using Java 23.0.1 with PID 26024 (D:\Github_projects\ProductCatalog\target\classes started by yogeshjoga in D:\Github_projects\ProductCatalog) : logStarting : 
2024-12-26 16:40:52,419 : org.api.productcatalogservice.ProductCAtalogServiceApplication : INFO --> No active profile set, falling back to 1 default profile: "default" : logStartupProfileInfo : 
2024-12-26 16:40:52,456 : org.springframework.boot.devtools.env.DevToolsPropertyDefaultsPostProcessor : INFO --> Devtools property defaults active! Set 'spring.devtools.add-properties' to 'false' to disable : logTo : 
2024-12-26 16:40:52,457 : org.springframework.boot.devtools.env.DevToolsPropertyDefaultsPostProcessor : INFO --> For additional web related logging consider setting the 'logging.level.web' property to 'DEBUG' : logTo : 
2024-12-26 16:40:52,894 : org.springframework.data.repository.config.RepositoryConfigurationDelegate : INFO --> Bootstrapping Spring Data JPA repositories in DEFAULT mode. : registerRepositoriesIn : 
2024-12-26 16:40:52,939 : org.springframework.data.repository.config.RepositoryConfigurationDelegate : INFO --> Finished Spring Data repository scanning in 36 ms. Found 3 JPA repository interfaces. : registerRepositoriesIn : 
2024-12-26 16:40:53,226 : org.springframework.boot.web.embedded.tomcat.TomcatWebServer : INFO --> Tomcat initialized with port 8080 (http) : initialize : 
2024-12-26 16:40:53,234 : org.apache.catalina.core.StandardService : INFO --> Starting service [Tomcat] : log : 
2024-12-26 16:40:53,234 : org.apache.catalina.core.StandardEngine : INFO --> Starting Servlet engine: [Apache Tomcat/10.1.33] : log : 
2024-12-26 16:40:53,263 : org.apache.catalina.core.ContainerBase.[Tomcat].[localhost].[/] : INFO --> Initializing Spring embedded WebApplicationContext : log : 
2024-12-26 16:40:53,265 : org.springframework.boot.web.servlet.context.ServletWebServerApplicationContext : INFO --> Root WebApplicationContext: initialization completed in 808 ms : prepareWebApplicationContext : 
2024-12-26 16:40:53,352 : org.hibernate.jpa.internal.util.LogHelper : INFO --> HHH000204: Processing PersistenceUnitInfo [name: default] : logPersistenceUnitInformation : 
2024-12-26 16:40:53,401 : org.hibernate.Version : INFO --> HHH000412: Hibernate ORM core version 6.6.2.Final : logVersion : 
2024-12-26 16:40:53,433 : org.hibernate.cache.internal.RegionFactoryInitiator : INFO --> HHH000026: Second-level cache disabled : initiateService : 
2024-12-26 16:40:53,616 : org.springframework.orm.jpa.persistenceunit.SpringPersistenceUnitInfo : INFO --> No LoadTimeWeaver setup: ignoring JPA class transformer : addTransformer : 
2024-12-26 16:40:53,636 : com.zaxxer.hikari.HikariDataSource : INFO --> HikariPool-1 - Starting... : getConnection : 
2024-12-26 16:40:53,876 : com.zaxxer.hikari.pool.HikariPool : INFO --> HikariPool-1 - Added connection com.mysql.cj.jdbc.ConnectionImpl@1ebf00b4 : checkFailFast : 
2024-12-26 16:40:53,877 : com.zaxxer.hikari.HikariDataSource : INFO --> HikariPool-1 - Start completed. : getConnection : 
2024-12-26 16:40:53,945 : org.hibernate.orm.connections.pooling : INFO --> HHH10001005: Database info:
	Database JDBC URL [Connecting through datasource 'HikariDataSource (HikariPool-1)']
	Database driver: undefined/unknown
	Database version: 8.0.40
	Autocommit mode: undefined/unknown
	Isolation level: undefined/unknown
	Minimum pool size: undefined/unknown
	Maximum pool size: undefined/unknown : initiateService : 
2024-12-26 16:40:54,585 : org.hibernate.engine.transaction.jta.platform.internal.JtaPlatformInitiator : INFO --> HHH000489: No JTA platform available (set 'hibernate.transaction.jta.platform' to enable JTA platform integration) : initiateService : 
2024-12-26 16:40:54,637 : org.springframework.orm.jpa.LocalContainerEntityManagerFactoryBean : INFO --> Initialized JPA EntityManagerFactory for persistence unit 'default' : buildNativeEntityManagerFactory : 
2024-12-26 16:40:54,853 : org.springframework.data.jpa.repository.query.QueryEnhancerFactory : INFO --> Hibernate is in classpath; If applicable, HQL parser will be used. : <clinit> : 
2024-12-26 16:40:55,117 : org.springframework.boot.autoconfigure.orm.jpa.JpaBaseConfiguration$JpaWebConfiguration : WARN --> spring.jpa.open-in-view is enabled by default. Therefore, database queries may be performed during view rendering. Explicitly configure spring.jpa.open-in-view to disable this warning : openEntityManagerInViewInterceptor : 
2024-12-26 16:40:55,322 : org.springframework.boot.devtools.autoconfigure.OptionalLiveReloadServer : INFO --> LiveReload server is running on port 35729 : startServer : 
2024-12-26 16:40:55,340 : org.springframework.boot.web.embedded.tomcat.TomcatWebServer : INFO --> Tomcat started on port 8080 (http) with context path '/' : start : 
2024-12-26 16:40:55,345 : org.api.productcatalogservice.ProductCAtalogServiceApplication : INFO --> Started ProductCAtalogServiceApplication in 3.193 seconds (process running for 3.684) : logStarted : 
2024-12-26 16:41:33,247 : org.apache.catalina.core.ContainerBase.[Tomcat].[localhost].[/] : INFO --> Initializing Spring DispatcherServlet 'dispatcherServlet' : log : 
2024-12-26 16:41:33,247 : org.springframework.web.servlet.DispatcherServlet : INFO --> Initializing Servlet 'dispatcherServlet' : initServletBean : 
2024-12-26 16:41:33,248 : org.springframework.web.servlet.DispatcherServlet : INFO --> Completed initialization in 1 ms : initServletBean : 
2024-12-26 16:41:33,265 : org.api.productcatalogservice.controllers.UserController : INFO --> Get all users : getAllUsers : 
2024-12-26 16:41:33,322 : org.api.productcatalogservice.services.UserService : INFO --> Get all Users  : getAllUsers : 
2024-12-26 16:41:58,896 : org.api.productcatalogservice.controllers.UserController : INFO --> Get user with id 4721477f-3582-4824-8229-48088b261e3b : getUser : 
2024-12-26 16:41:58,897 : org.api.productcatalogservice.services.UserService : INFO --> getUserById : getUserById : 
2024-12-26 16:42:58,162 : org.springframework.boot.web.embedded.tomcat.GracefulShutdown : INFO --> Commencing graceful shutdown. Waiting for active requests to complete : shutDownGracefully : 
2024-12-26 16:42:58,166 : org.springframework.boot.web.embedded.tomcat.GracefulShutdown : INFO --> Graceful shutdown complete : doShutdown : 
2024-12-26 16:42:58,168 : org.springframework.orm.jpa.LocalContainerEntityManagerFactoryBean : INFO --> Closing JPA EntityManagerFactory for persistence unit 'default' : destroy : 
2024-12-26 16:42:58,169 : com.zaxxer.hikari.HikariDataSource : INFO --> HikariPool-1 - Shutdown initiated... : close : 
2024-12-26 16:42:58,172 : com.zaxxer.hikari.HikariDataSource : INFO --> HikariPool-1 - Shutdown completed. : close : 
2024-12-26 16:43:00,341 : org.api.productcatalogservice.ProductCAtalogServiceApplication : INFO --> Starting ProductCAtalogServiceApplication using Java 23.0.1 with PID 16616 (D:\Github_projects\ProductCatalog\target\classes started by yogeshjoga in D:\Github_projects\ProductCatalog) : logStarting : 
2024-12-26 16:43:00,342 : org.api.productcatalogservice.ProductCAtalogServiceApplication : INFO --> No active profile set, falling back to 1 default profile: "default" : logStartupProfileInfo : 
2024-12-26 16:43:00,369 : org.springframework.boot.devtools.env.DevToolsPropertyDefaultsPostProcessor : INFO --> Devtools property defaults active! Set 'spring.devtools.add-properties' to 'false' to disable : logTo : 
2024-12-26 16:43:00,370 : org.springframework.boot.devtools.env.DevToolsPropertyDefaultsPostProcessor : INFO --> For additional web related logging consider setting the 'logging.level.web' property to 'DEBUG' : logTo : 
2024-12-26 16:43:00,682 : org.springframework.data.repository.config.RepositoryConfigurationDelegate : INFO --> Bootstrapping Spring Data JPA repositories in DEFAULT mode. : registerRepositoriesIn : 
2024-12-26 16:43:00,715 : org.springframework.data.repository.config.RepositoryConfigurationDelegate : INFO --> Finished Spring Data repository scanning in 29 ms. Found 3 JPA repository interfaces. : registerRepositoriesIn : 
2024-12-26 16:43:00,955 : org.springframework.boot.web.embedded.tomcat.TomcatWebServer : INFO --> Tomcat initialized with port 8080 (http) : initialize : 
2024-12-26 16:43:00,963 : org.apache.catalina.core.StandardService : INFO --> Starting service [Tomcat] : log : 
2024-12-26 16:43:00,963 : org.apache.catalina.core.StandardEngine : INFO --> Starting Servlet engine: [Apache Tomcat/10.1.33] : log : 
2024-12-26 16:43:00,983 : org.apache.catalina.core.ContainerBase.[Tomcat].[localhost].[/] : INFO --> Initializing Spring embedded WebApplicationContext : log : 
2024-12-26 16:43:00,984 : org.springframework.boot.web.servlet.context.ServletWebServerApplicationContext : INFO --> Root WebApplicationContext: initialization completed in 614 ms : prepareWebApplicationContext : 
2024-12-26 16:43:01,058 : org.hibernate.jpa.internal.util.LogHelper : INFO --> HHH000204: Processing PersistenceUnitInfo [name: default] : logPersistenceUnitInformation : 
2024-12-26 16:43:01,086 : org.hibernate.Version : INFO --> HHH000412: Hibernate ORM core version 6.6.2.Final : logVersion : 
2024-12-26 16:43:01,102 : org.hibernate.cache.internal.RegionFactoryInitiator : INFO --> HHH000026: Second-level cache disabled : initiateService : 
2024-12-26 16:43:01,245 : org.springframework.orm.jpa.persistenceunit.SpringPersistenceUnitInfo : INFO --> No LoadTimeWeaver setup: ignoring JPA class transformer : addTransformer : 
2024-12-26 16:43:01,259 : com.zaxxer.hikari.HikariDataSource : INFO --> HikariPool-1 - Starting... : getConnection : 
2024-12-26 16:43:01,438 : com.zaxxer.hikari.pool.HikariPool : INFO --> HikariPool-1 - Added connection com.mysql.cj.jdbc.ConnectionImpl@5fc0b340 : checkFailFast : 
2024-12-26 16:43:01,439 : com.zaxxer.hikari.HikariDataSource : INFO --> HikariPool-1 - Start completed. : getConnection : 
2024-12-26 16:43:01,480 : org.hibernate.orm.connections.pooling : INFO --> HHH10001005: Database info:
	Database JDBC URL [Connecting through datasource 'HikariDataSource (HikariPool-1)']
	Database driver: undefined/unknown
	Database version: 8.0.40
	Autocommit mode: undefined/unknown
	Isolation level: undefined/unknown
	Minimum pool size: undefined/unknown
	Maximum pool size: undefined/unknown : initiateService : 
2024-12-26 16:43:02,001 : org.hibernate.engine.transaction.jta.platform.internal.JtaPlatformInitiator : INFO --> HHH000489: No JTA platform available (set 'hibernate.transaction.jta.platform' to enable JTA platform integration) : initiateService : 
2024-12-26 16:43:02,043 : org.springframework.orm.jpa.LocalContainerEntityManagerFactoryBean : INFO --> Initialized JPA EntityManagerFactory for persistence unit 'default' : buildNativeEntityManagerFactory : 
2024-12-26 16:43:02,227 : org.springframework.data.jpa.repository.query.QueryEnhancerFactory : INFO --> Hibernate is in classpath; If applicable, HQL parser will be used. : <clinit> : 
2024-12-26 16:43:02,442 : org.springframework.boot.autoconfigure.orm.jpa.JpaBaseConfiguration$JpaWebConfiguration : WARN --> spring.jpa.open-in-view is enabled by default. Therefore, database queries may be performed during view rendering. Explicitly configure spring.jpa.open-in-view to disable this warning : openEntityManagerInViewInterceptor : 
2024-12-26 16:43:02,606 : org.springframework.boot.devtools.autoconfigure.OptionalLiveReloadServer : INFO --> LiveReload server is running on port 35729 : startServer : 
2024-12-26 16:43:02,623 : org.springframework.boot.web.embedded.tomcat.TomcatWebServer : INFO --> Tomcat started on port 8080 (http) with context path '/' : start : 
2024-12-26 16:43:02,627 : org.api.productcatalogservice.ProductCAtalogServiceApplication : INFO --> Started ProductCAtalogServiceApplication in 2.482 seconds (process running for 2.807) : logStarted : 
2024-12-26 16:43:04,926 : org.apache.catalina.core.ContainerBase.[Tomcat].[localhost].[/] : INFO --> Initializing Spring DispatcherServlet 'dispatcherServlet' : log : 
2024-12-26 16:43:04,926 : org.springframework.web.servlet.DispatcherServlet : INFO --> Initializing Servlet 'dispatcherServlet' : initServletBean : 
2024-12-26 16:43:04,927 : org.springframework.web.servlet.DispatcherServlet : INFO --> Completed initialization in 1 ms : initServletBean : 
2024-12-26 16:43:04,948 : org.api.productcatalogservice.controllers.UserController : INFO --> Get user with id 4721477f-3582-4824-8229-48088b261e3b : getUser : 
2024-12-26 16:43:04,948 : org.api.productcatalogservice.services.UserService : INFO --> getUserById : getUserById : 
2024-12-26 16:43:07,934 : org.api.productcatalogservice.controllers.UserController : INFO --> Get user with id 4721477f-3582-4824-8229-48088b261e3b : getUser : 
2024-12-26 16:43:07,934 : org.api.productcatalogservice.services.UserService : INFO --> getUserById : getUserById : 
2024-12-26 16:43:08,910 : org.api.productcatalogservice.controllers.UserController : INFO --> Get user with id 4721477f-3582-4824-8229-48088b261e3b : getUser : 
2024-12-26 16:43:08,911 : org.api.productcatalogservice.services.UserService : INFO --> getUserById : getUserById : 
2024-12-26 16:43:09,885 : org.api.productcatalogservice.controllers.UserController : INFO --> Get user with id 4721477f-3582-4824-8229-48088b261e3b : getUser : 
2024-12-26 16:43:09,886 : org.api.productcatalogservice.services.UserService : INFO --> getUserById : getUserById : 
2024-12-26 16:43:10,850 : org.api.productcatalogservice.controllers.UserController : INFO --> Get user with id 4721477f-3582-4824-8229-48088b261e3b : getUser : 
2024-12-26 16:43:10,851 : org.api.productcatalogservice.services.UserService : INFO --> getUserById : getUserById : 
2024-12-26 16:43:11,721 : org.api.productcatalogservice.controllers.UserController : INFO --> Get user with id 4721477f-3582-4824-8229-48088b261e3b : getUser : 
2024-12-26 16:43:11,721 : org.api.productcatalogservice.services.UserService : INFO --> getUserById : getUserById : 
2024-12-26 16:43:13,140 : org.api.productcatalogservice.controllers.UserController : INFO --> Get user with id 4721477f-3582-4824-8229-48088b261e3b : getUser : 
2024-12-26 16:43:13,142 : org.api.productcatalogservice.services.UserService : INFO --> getUserById : getUserById : 
2024-12-26 16:43:30,029 : org.springframework.boot.web.embedded.tomcat.GracefulShutdown : INFO --> Commencing graceful shutdown. Waiting for active requests to complete : shutDownGracefully : 
2024-12-26 16:43:30,033 : org.springframework.boot.web.embedded.tomcat.GracefulShutdown : INFO --> Graceful shutdown complete : doShutdown : 
2024-12-26 16:43:30,035 : org.springframework.orm.jpa.LocalContainerEntityManagerFactoryBean : INFO --> Closing JPA EntityManagerFactory for persistence unit 'default' : destroy : 
2024-12-26 16:43:30,037 : com.zaxxer.hikari.HikariDataSource : INFO --> HikariPool-1 - Shutdown initiated... : close : 
2024-12-26 16:43:30,039 : com.zaxxer.hikari.HikariDataSource : INFO --> HikariPool-1 - Shutdown completed. : close : 
2024-12-26 16:43:39,688 : org.api.productcatalogservice.ProductCAtalogServiceApplication : INFO --> Starting ProductCAtalogServiceApplication using Java 23.0.1 with PID 4304 (D:\Github_projects\ProductCatalog\target\classes started by yogeshjoga in D:\Github_projects\ProductCatalog) : logStarting : 
2024-12-26 16:43:39,689 : org.api.productcatalogservice.ProductCAtalogServiceApplication : INFO --> No active profile set, falling back to 1 default profile: "default" : logStartupProfileInfo : 
2024-12-26 16:43:39,716 : org.springframework.boot.devtools.env.DevToolsPropertyDefaultsPostProcessor : INFO --> Devtools property defaults active! Set 'spring.devtools.add-properties' to 'false' to disable : logTo : 
2024-12-26 16:43:39,717 : org.springframework.boot.devtools.env.DevToolsPropertyDefaultsPostProcessor : INFO --> For additional web related logging consider setting the 'logging.level.web' property to 'DEBUG' : logTo : 
2024-12-26 16:43:40,013 : org.springframework.data.repository.config.RepositoryConfigurationDelegate : INFO --> Bootstrapping Spring Data JPA repositories in DEFAULT mode. : registerRepositoriesIn : 
2024-12-26 16:43:40,047 : org.springframework.data.repository.config.RepositoryConfigurationDelegate : INFO --> Finished Spring Data repository scanning in 29 ms. Found 3 JPA repository interfaces. : registerRepositoriesIn : 
2024-12-26 16:43:40,284 : org.springframework.boot.web.embedded.tomcat.TomcatWebServer : INFO --> Tomcat initialized with port 8080 (http) : initialize : 
2024-12-26 16:43:40,291 : org.apache.catalina.core.StandardService : INFO --> Starting service [Tomcat] : log : 
2024-12-26 16:43:40,291 : org.apache.catalina.core.StandardEngine : INFO --> Starting Servlet engine: [Apache Tomcat/10.1.33] : log : 
2024-12-26 16:43:40,314 : org.apache.catalina.core.ContainerBase.[Tomcat].[localhost].[/] : INFO --> Initializing Spring embedded WebApplicationContext : log : 
2024-12-26 16:43:40,314 : org.springframework.boot.web.servlet.context.ServletWebServerApplicationContext : INFO --> Root WebApplicationContext: initialization completed in 597 ms : prepareWebApplicationContext : 
2024-12-26 16:43:40,385 : org.hibernate.jpa.internal.util.LogHelper : INFO --> HHH000204: Processing PersistenceUnitInfo [name: default] : logPersistenceUnitInformation : 
2024-12-26 16:43:40,412 : org.hibernate.Version : INFO --> HHH000412: Hibernate ORM core version 6.6.2.Final : logVersion : 
2024-12-26 16:43:40,428 : org.hibernate.cache.internal.RegionFactoryInitiator : INFO --> HHH000026: Second-level cache disabled : initiateService : 
2024-12-26 16:43:40,563 : org.springframework.orm.jpa.persistenceunit.SpringPersistenceUnitInfo : INFO --> No LoadTimeWeaver setup: ignoring JPA class transformer : addTransformer : 
2024-12-26 16:43:40,578 : com.zaxxer.hikari.HikariDataSource : INFO --> HikariPool-1 - Starting... : getConnection : 
2024-12-26 16:43:40,756 : com.zaxxer.hikari.pool.HikariPool : INFO --> HikariPool-1 - Added connection com.mysql.cj.jdbc.ConnectionImpl@144110cd : checkFailFast : 
2024-12-26 16:43:40,757 : com.zaxxer.hikari.HikariDataSource : INFO --> HikariPool-1 - Start completed. : getConnection : 
2024-12-26 16:43:40,798 : org.hibernate.orm.connections.pooling : INFO --> HHH10001005: Database info:
	Database JDBC URL [Connecting through datasource 'HikariDataSource (HikariPool-1)']
	Database driver: undefined/unknown
	Database version: 8.0.40
	Autocommit mode: undefined/unknown
	Isolation level: undefined/unknown
	Minimum pool size: undefined/unknown
	Maximum pool size: undefined/unknown : initiateService : 
2024-12-26 16:43:41,317 : org.hibernate.engine.transaction.jta.platform.internal.JtaPlatformInitiator : INFO --> HHH000489: No JTA platform available (set 'hibernate.transaction.jta.platform' to enable JTA platform integration) : initiateService : 
2024-12-26 16:43:41,357 : org.springframework.orm.jpa.LocalContainerEntityManagerFactoryBean : INFO --> Initialized JPA EntityManagerFactory for persistence unit 'default' : buildNativeEntityManagerFactory : 
2024-12-26 16:43:41,520 : org.springframework.data.jpa.repository.query.QueryEnhancerFactory : INFO --> Hibernate is in classpath; If applicable, HQL parser will be used. : <clinit> : 
2024-12-26 16:43:41,739 : org.springframework.boot.autoconfigure.orm.jpa.JpaBaseConfiguration$JpaWebConfiguration : WARN --> spring.jpa.open-in-view is enabled by default. Therefore, database queries may be performed during view rendering. Explicitly configure spring.jpa.open-in-view to disable this warning : openEntityManagerInViewInterceptor : 
2024-12-26 16:43:41,899 : org.springframework.boot.devtools.autoconfigure.OptionalLiveReloadServer : INFO --> LiveReload server is running on port 35729 : startServer : 
2024-12-26 16:43:41,915 : org.springframework.boot.web.embedded.tomcat.TomcatWebServer : INFO --> Tomcat started on port 8080 (http) with context path '/' : start : 
2024-12-26 16:43:41,919 : org.api.productcatalogservice.ProductCAtalogServiceApplication : INFO --> Started ProductCAtalogServiceApplication in 2.424 seconds (process running for 2.755) : logStarted : 
2024-12-26 16:43:45,604 : org.apache.catalina.core.ContainerBase.[Tomcat].[localhost].[/] : INFO --> Initializing Spring DispatcherServlet 'dispatcherServlet' : log : 
2024-12-26 16:43:45,604 : org.springframework.web.servlet.DispatcherServlet : INFO --> Initializing Servlet 'dispatcherServlet' : initServletBean : 
2024-12-26 16:43:45,606 : org.springframework.web.servlet.DispatcherServlet : INFO --> Completed initialization in 2 ms : initServletBean : 
2024-12-26 16:43:45,625 : org.api.productcatalogservice.controllers.UserController : INFO --> Get user with id 4721477f-3582-4824-8229-48088b261e3b : getUser : 
2024-12-26 16:43:45,625 : org.api.productcatalogservice.services.UserService : INFO --> getUserById : getUserById : 
2024-12-26 16:43:55,300 : org.springframework.boot.web.embedded.tomcat.GracefulShutdown : INFO --> Commencing graceful shutdown. Waiting for active requests to complete : shutDownGracefully : 
2024-12-26 16:43:55,305 : org.springframework.boot.web.embedded.tomcat.GracefulShutdown : INFO --> Graceful shutdown complete : doShutdown : 
2024-12-26 16:43:55,307 : org.springframework.orm.jpa.LocalContainerEntityManagerFactoryBean : INFO --> Closing JPA EntityManagerFactory for persistence unit 'default' : destroy : 
2024-12-26 16:43:55,309 : com.zaxxer.hikari.HikariDataSource : INFO --> HikariPool-1 - Shutdown initiated... : close : 
2024-12-26 16:43:55,311 : com.zaxxer.hikari.HikariDataSource : INFO --> HikariPool-1 - Shutdown completed. : close : 
2024-12-26 16:43:57,426 : org.api.productcatalogservice.ProductCAtalogServiceApplication : INFO --> Starting ProductCAtalogServiceApplication using Java 23.0.1 with PID 12548 (D:\Github_projects\ProductCatalog\target\classes started by yogeshjoga in D:\Github_projects\ProductCatalog) : logStarting : 
2024-12-26 16:43:57,427 : org.api.productcatalogservice.ProductCAtalogServiceApplication : INFO --> No active profile set, falling back to 1 default profile: "default" : logStartupProfileInfo : 
2024-12-26 16:43:57,453 : org.springframework.boot.devtools.env.DevToolsPropertyDefaultsPostProcessor : INFO --> Devtools property defaults active! Set 'spring.devtools.add-properties' to 'false' to disable : logTo : 
2024-12-26 16:43:57,454 : org.springframework.boot.devtools.env.DevToolsPropertyDefaultsPostProcessor : INFO --> For additional web related logging consider setting the 'logging.level.web' property to 'DEBUG' : logTo : 
2024-12-26 16:43:57,754 : org.springframework.data.repository.config.RepositoryConfigurationDelegate : INFO --> Bootstrapping Spring Data JPA repositories in DEFAULT mode. : registerRepositoriesIn : 
2024-12-26 16:43:57,785 : org.springframework.data.repository.config.RepositoryConfigurationDelegate : INFO --> Finished Spring Data repository scanning in 26 ms. Found 3 JPA repository interfaces. : registerRepositoriesIn : 
2024-12-26 16:43:58,016 : org.springframework.boot.web.embedded.tomcat.TomcatWebServer : INFO --> Tomcat initialized with port 8080 (http) : initialize : 
2024-12-26 16:43:58,023 : org.apache.catalina.core.StandardService : INFO --> Starting service [Tomcat] : log : 
2024-12-26 16:43:58,023 : org.apache.catalina.core.StandardEngine : INFO --> Starting Servlet engine: [Apache Tomcat/10.1.33] : log : 
2024-12-26 16:43:58,044 : org.apache.catalina.core.ContainerBase.[Tomcat].[localhost].[/] : INFO --> Initializing Spring embedded WebApplicationContext : log : 
2024-12-26 16:43:58,045 : org.springframework.boot.web.servlet.context.ServletWebServerApplicationContext : INFO --> Root WebApplicationContext: initialization completed in 591 ms : prepareWebApplicationContext : 
2024-12-26 16:43:58,112 : org.hibernate.jpa.internal.util.LogHelper : INFO --> HHH000204: Processing PersistenceUnitInfo [name: default] : logPersistenceUnitInformation : 
2024-12-26 16:43:58,134 : org.hibernate.Version : INFO --> HHH000412: Hibernate ORM core version 6.6.2.Final : logVersion : 
2024-12-26 16:43:58,149 : org.hibernate.cache.internal.RegionFactoryInitiator : INFO --> HHH000026: Second-level cache disabled : initiateService : 
2024-12-26 16:43:58,286 : org.springframework.orm.jpa.persistenceunit.SpringPersistenceUnitInfo : INFO --> No LoadTimeWeaver setup: ignoring JPA class transformer : addTransformer : 
2024-12-26 16:43:58,303 : com.zaxxer.hikari.HikariDataSource : INFO --> HikariPool-1 - Starting... : getConnection : 
2024-12-26 16:43:58,484 : com.zaxxer.hikari.pool.HikariPool : INFO --> HikariPool-1 - Added connection com.mysql.cj.jdbc.ConnectionImpl@5fff4ed9 : checkFailFast : 
2024-12-26 16:43:58,484 : com.zaxxer.hikari.HikariDataSource : INFO --> HikariPool-1 - Start completed. : getConnection : 
2024-12-26 16:43:58,525 : org.hibernate.orm.connections.pooling : INFO --> HHH10001005: Database info:
	Database JDBC URL [Connecting through datasource 'HikariDataSource (HikariPool-1)']
	Database driver: undefined/unknown
	Database version: 8.0.40
	Autocommit mode: undefined/unknown
	Isolation level: undefined/unknown
	Minimum pool size: undefined/unknown
	Maximum pool size: undefined/unknown : initiateService : 
2024-12-26 16:43:59,023 : org.hibernate.engine.transaction.jta.platform.internal.JtaPlatformInitiator : INFO --> HHH000489: No JTA platform available (set 'hibernate.transaction.jta.platform' to enable JTA platform integration) : initiateService : 
2024-12-26 16:43:59,064 : org.springframework.orm.jpa.LocalContainerEntityManagerFactoryBean : INFO --> Initialized JPA EntityManagerFactory for persistence unit 'default' : buildNativeEntityManagerFactory : 
2024-12-26 16:43:59,230 : org.springframework.data.jpa.repository.query.QueryEnhancerFactory : INFO --> Hibernate is in classpath; If applicable, HQL parser will be used. : <clinit> : 
2024-12-26 16:43:59,450 : org.springframework.boot.autoconfigure.orm.jpa.JpaBaseConfiguration$JpaWebConfiguration : WARN --> spring.jpa.open-in-view is enabled by default. Therefore, database queries may be performed during view rendering. Explicitly configure spring.jpa.open-in-view to disable this warning : openEntityManagerInViewInterceptor : 
2024-12-26 16:43:59,624 : org.springframework.boot.devtools.autoconfigure.OptionalLiveReloadServer : INFO --> LiveReload server is running on port 35729 : startServer : 
2024-12-26 16:43:59,642 : org.springframework.boot.web.embedded.tomcat.TomcatWebServer : INFO --> Tomcat started on port 8080 (http) with context path '/' : start : 
2024-12-26 16:43:59,645 : org.api.productcatalogservice.ProductCAtalogServiceApplication : INFO --> Started ProductCAtalogServiceApplication in 2.415 seconds (process running for 2.741) : logStarted : 
2024-12-26 16:44:01,665 : org.apache.catalina.core.ContainerBase.[Tomcat].[localhost].[/] : INFO --> Initializing Spring DispatcherServlet 'dispatcherServlet' : log : 
2024-12-26 16:44:01,665 : org.springframework.web.servlet.DispatcherServlet : INFO --> Initializing Servlet 'dispatcherServlet' : initServletBean : 
2024-12-26 16:44:01,666 : org.springframework.web.servlet.DispatcherServlet : INFO --> Completed initialization in 1 ms : initServletBean : 
2024-12-26 16:44:01,685 : org.api.productcatalogservice.controllers.UserController : INFO --> Get user with id 4721477f-3582-4824-8229-48088b261e3b : getUser : 
2024-12-26 16:44:01,685 : org.api.productcatalogservice.services.UserService : INFO --> getUserById : getUserById : 
2024-12-26 16:44:06,636 : org.api.productcatalogservice.controllers.UserController : INFO --> Get user with id 4721477f-3582-4824-8229-48088b261e3b : getUser : 
2024-12-26 16:44:06,636 : org.api.productcatalogservice.services.UserService : INFO --> getUserById : getUserById : 
2024-12-26 16:45:08,344 : org.springframework.boot.web.embedded.tomcat.GracefulShutdown : INFO --> Commencing graceful shutdown. Waiting for active requests to complete : shutDownGracefully : 
2024-12-26 16:45:08,348 : org.springframework.boot.web.embedded.tomcat.GracefulShutdown : INFO --> Graceful shutdown complete : doShutdown : 
2024-12-26 16:45:08,350 : org.springframework.orm.jpa.LocalContainerEntityManagerFactoryBean : INFO --> Closing JPA EntityManagerFactory for persistence unit 'default' : destroy : 
2024-12-26 16:45:08,351 : com.zaxxer.hikari.HikariDataSource : INFO --> HikariPool-1 - Shutdown initiated... : close : 
2024-12-26 16:45:08,354 : com.zaxxer.hikari.HikariDataSource : INFO --> HikariPool-1 - Shutdown completed. : close : 
2024-12-26 16:45:10,982 : org.api.productcatalogservice.ProductCAtalogServiceApplication : INFO --> Starting ProductCAtalogServiceApplication using Java 23.0.1 with PID 21524 (D:\Github_projects\ProductCatalog\target\classes started by yogeshjoga in D:\Github_projects\ProductCatalog) : logStarting : 
2024-12-26 16:45:10,983 : org.api.productcatalogservice.ProductCAtalogServiceApplication : INFO --> No active profile set, falling back to 1 default profile: "default" : logStartupProfileInfo : 
2024-12-26 16:45:11,009 : org.springframework.boot.devtools.env.DevToolsPropertyDefaultsPostProcessor : INFO --> Devtools property defaults active! Set 'spring.devtools.add-properties' to 'false' to disable : logTo : 
2024-12-26 16:45:11,010 : org.springframework.boot.devtools.env.DevToolsPropertyDefaultsPostProcessor : INFO --> For additional web related logging consider setting the 'logging.level.web' property to 'DEBUG' : logTo : 
2024-12-26 16:45:11,301 : org.springframework.data.repository.config.RepositoryConfigurationDelegate : INFO --> Bootstrapping Spring Data JPA repositories in DEFAULT mode. : registerRepositoriesIn : 
2024-12-26 16:45:11,334 : org.springframework.data.repository.config.RepositoryConfigurationDelegate : INFO --> Finished Spring Data repository scanning in 29 ms. Found 3 JPA repository interfaces. : registerRepositoriesIn : 
2024-12-26 16:45:11,572 : org.springframework.boot.web.embedded.tomcat.TomcatWebServer : INFO --> Tomcat initialized with port 8080 (http) : initialize : 
2024-12-26 16:45:11,578 : org.apache.catalina.core.StandardService : INFO --> Starting service [Tomcat] : log : 
2024-12-26 16:45:11,578 : org.apache.catalina.core.StandardEngine : INFO --> Starting Servlet engine: [Apache Tomcat/10.1.33] : log : 
2024-12-26 16:45:11,597 : org.apache.catalina.core.ContainerBase.[Tomcat].[localhost].[/] : INFO --> Initializing Spring embedded WebApplicationContext : log : 
2024-12-26 16:45:11,597 : org.springframework.boot.web.servlet.context.ServletWebServerApplicationContext : INFO --> Root WebApplicationContext: initialization completed in 587 ms : prepareWebApplicationContext : 
2024-12-26 16:45:11,660 : org.hibernate.jpa.internal.util.LogHelper : INFO --> HHH000204: Processing PersistenceUnitInfo [name: default] : logPersistenceUnitInformation : 
2024-12-26 16:45:11,687 : org.hibernate.Version : INFO --> HHH000412: Hibernate ORM core version 6.6.2.Final : logVersion : 
2024-12-26 16:45:11,702 : org.hibernate.cache.internal.RegionFactoryInitiator : INFO --> HHH000026: Second-level cache disabled : initiateService : 
2024-12-26 16:45:11,836 : org.springframework.orm.jpa.persistenceunit.SpringPersistenceUnitInfo : INFO --> No LoadTimeWeaver setup: ignoring JPA class transformer : addTransformer : 
2024-12-26 16:45:11,853 : com.zaxxer.hikari.HikariDataSource : INFO --> HikariPool-1 - Starting... : getConnection : 
2024-12-26 16:45:12,031 : com.zaxxer.hikari.pool.HikariPool : INFO --> HikariPool-1 - Added connection com.mysql.cj.jdbc.ConnectionImpl@5cfb504d : checkFailFast : 
2024-12-26 16:45:12,032 : com.zaxxer.hikari.HikariDataSource : INFO --> HikariPool-1 - Start completed. : getConnection : 
2024-12-26 16:45:12,074 : org.hibernate.orm.connections.pooling : INFO --> HHH10001005: Database info:
	Database JDBC URL [Connecting through datasource 'HikariDataSource (HikariPool-1)']
	Database driver: undefined/unknown
	Database version: 8.0.40
	Autocommit mode: undefined/unknown
	Isolation level: undefined/unknown
	Minimum pool size: undefined/unknown
	Maximum pool size: undefined/unknown : initiateService : 
2024-12-26 16:45:12,576 : org.hibernate.engine.transaction.jta.platform.internal.JtaPlatformInitiator : INFO --> HHH000489: No JTA platform available (set 'hibernate.transaction.jta.platform' to enable JTA platform integration) : initiateService : 
2024-12-26 16:45:12,616 : org.springframework.orm.jpa.LocalContainerEntityManagerFactoryBean : INFO --> Initialized JPA EntityManagerFactory for persistence unit 'default' : buildNativeEntityManagerFactory : 
2024-12-26 16:45:12,784 : org.springframework.data.jpa.repository.query.QueryEnhancerFactory : INFO --> Hibernate is in classpath; If applicable, HQL parser will be used. : <clinit> : 
2024-12-26 16:45:13,008 : org.springframework.boot.autoconfigure.orm.jpa.JpaBaseConfiguration$JpaWebConfiguration : WARN --> spring.jpa.open-in-view is enabled by default. Therefore, database queries may be performed during view rendering. Explicitly configure spring.jpa.open-in-view to disable this warning : openEntityManagerInViewInterceptor : 
2024-12-26 16:45:13,175 : org.springframework.boot.devtools.autoconfigure.OptionalLiveReloadServer : INFO --> LiveReload server is running on port 35729 : startServer : 
2024-12-26 16:45:13,192 : org.springframework.boot.web.embedded.tomcat.TomcatWebServer : INFO --> Tomcat started on port 8080 (http) with context path '/' : start : 
2024-12-26 16:45:13,196 : org.api.productcatalogservice.ProductCAtalogServiceApplication : INFO --> Started ProductCAtalogServiceApplication in 2.404 seconds (process running for 2.73) : logStarted : 
2024-12-26 16:45:15,100 : org.apache.catalina.core.ContainerBase.[Tomcat].[localhost].[/] : INFO --> Initializing Spring DispatcherServlet 'dispatcherServlet' : log : 
2024-12-26 16:45:15,101 : org.springframework.web.servlet.DispatcherServlet : INFO --> Initializing Servlet 'dispatcherServlet' : initServletBean : 
2024-12-26 16:45:15,101 : org.springframework.web.servlet.DispatcherServlet : INFO --> Completed initialization in 0 ms : initServletBean : 
2024-12-26 16:45:15,120 : org.api.productcatalogservice.controllers.UserController : INFO --> Get user with id 4721477f-3582-4824-8229-48088b261e3b : getUser : 
2024-12-26 16:45:15,120 : org.api.productcatalogservice.services.UserService : INFO --> getUserById : getUserById : 
2024-12-26 16:45:16,329 : org.api.productcatalogservice.controllers.UserController : INFO --> Get user with id 4721477f-3582-4824-8229-48088b261e3b : getUser : 
2024-12-26 16:45:16,329 : org.api.productcatalogservice.services.UserService : INFO --> getUserById : getUserById : 
2024-12-26 16:45:17,648 : org.api.productcatalogservice.controllers.UserController : INFO --> Get user with id 4721477f-3582-4824-8229-48088b261e3b : getUser : 
2024-12-26 16:45:17,648 : org.api.productcatalogservice.services.UserService : INFO --> getUserById : getUserById : 
2024-12-26 16:45:18,594 : org.api.productcatalogservice.controllers.UserController : INFO --> Get user with id 4721477f-3582-4824-8229-48088b261e3b : getUser : 
2024-12-26 16:45:18,594 : org.api.productcatalogservice.services.UserService : INFO --> getUserById : getUserById : 
2024-12-26 16:45:19,447 : org.api.productcatalogservice.controllers.UserController : INFO --> Get user with id 4721477f-3582-4824-8229-48088b261e3b : getUser : 
2024-12-26 16:45:19,448 : org.api.productcatalogservice.services.UserService : INFO --> getUserById : getUserById : 
2024-12-26 16:45:20,092 : org.api.productcatalogservice.controllers.UserController : INFO --> Get user with id 4721477f-3582-4824-8229-48088b261e3b : getUser : 
2024-12-26 16:45:20,092 : org.api.productcatalogservice.services.UserService : INFO --> getUserById : getUserById : 
2024-12-26 16:45:40,650 : org.springframework.boot.web.embedded.tomcat.GracefulShutdown : INFO --> Commencing graceful shutdown. Waiting for active requests to complete : shutDownGracefully : 
2024-12-26 16:45:40,654 : org.springframework.boot.web.embedded.tomcat.GracefulShutdown : INFO --> Graceful shutdown complete : doShutdown : 
2024-12-26 16:45:40,655 : org.springframework.orm.jpa.LocalContainerEntityManagerFactoryBean : INFO --> Closing JPA EntityManagerFactory for persistence unit 'default' : destroy : 
2024-12-26 16:45:40,657 : com.zaxxer.hikari.HikariDataSource : INFO --> HikariPool-1 - Shutdown initiated... : close : 
2024-12-26 16:45:40,659 : com.zaxxer.hikari.HikariDataSource : INFO --> HikariPool-1 - Shutdown completed. : close : 
2024-12-26 16:45:42,847 : org.api.productcatalogservice.ProductCAtalogServiceApplication : INFO --> Starting ProductCAtalogServiceApplication using Java 23.0.1 with PID 5388 (D:\Github_projects\ProductCatalog\target\classes started by yogeshjoga in D:\Github_projects\ProductCatalog) : logStarting : 
2024-12-26 16:45:42,848 : org.api.productcatalogservice.ProductCAtalogServiceApplication : INFO --> No active profile set, falling back to 1 default profile: "default" : logStartupProfileInfo : 
2024-12-26 16:45:42,874 : org.springframework.boot.devtools.env.DevToolsPropertyDefaultsPostProcessor : INFO --> Devtools property defaults active! Set 'spring.devtools.add-properties' to 'false' to disable : logTo : 
2024-12-26 16:45:42,874 : org.springframework.boot.devtools.env.DevToolsPropertyDefaultsPostProcessor : INFO --> For additional web related logging consider setting the 'logging.level.web' property to 'DEBUG' : logTo : 
2024-12-26 16:45:43,170 : org.springframework.data.repository.config.RepositoryConfigurationDelegate : INFO --> Bootstrapping Spring Data JPA repositories in DEFAULT mode. : registerRepositoriesIn : 
2024-12-26 16:45:43,202 : org.springframework.data.repository.config.RepositoryConfigurationDelegate : INFO --> Finished Spring Data repository scanning in 27 ms. Found 3 JPA repository interfaces. : registerRepositoriesIn : 
2024-12-26 16:45:43,445 : org.springframework.boot.web.embedded.tomcat.TomcatWebServer : INFO --> Tomcat initialized with port 8080 (http) : initialize : 
2024-12-26 16:45:43,452 : org.apache.catalina.core.StandardService : INFO --> Starting service [Tomcat] : log : 
2024-12-26 16:45:43,452 : org.apache.catalina.core.StandardEngine : INFO --> Starting Servlet engine: [Apache Tomcat/10.1.33] : log : 
2024-12-26 16:45:43,472 : org.apache.catalina.core.ContainerBase.[Tomcat].[localhost].[/] : INFO --> Initializing Spring embedded WebApplicationContext : log : 
2024-12-26 16:45:43,472 : org.springframework.boot.web.servlet.context.ServletWebServerApplicationContext : INFO --> Root WebApplicationContext: initialization completed in 597 ms : prepareWebApplicationContext : 
2024-12-26 16:45:43,540 : org.hibernate.jpa.internal.util.LogHelper : INFO --> HHH000204: Processing PersistenceUnitInfo [name: default] : logPersistenceUnitInformation : 
2024-12-26 16:45:43,570 : org.hibernate.Version : INFO --> HHH000412: Hibernate ORM core version 6.6.2.Final : logVersion : 
2024-12-26 16:45:43,584 : org.hibernate.cache.internal.RegionFactoryInitiator : INFO --> HHH000026: Second-level cache disabled : initiateService : 
2024-12-26 16:45:43,726 : org.springframework.orm.jpa.persistenceunit.SpringPersistenceUnitInfo : INFO --> No LoadTimeWeaver setup: ignoring JPA class transformer : addTransformer : 
2024-12-26 16:45:43,741 : com.zaxxer.hikari.HikariDataSource : INFO --> HikariPool-1 - Starting... : getConnection : 
2024-12-26 16:45:43,922 : com.zaxxer.hikari.pool.HikariPool : INFO --> HikariPool-1 - Added connection com.mysql.cj.jdbc.ConnectionImpl@5cfb504d : checkFailFast : 
2024-12-26 16:45:43,923 : com.zaxxer.hikari.HikariDataSource : INFO --> HikariPool-1 - Start completed. : getConnection : 
2024-12-26 16:45:43,967 : org.hibernate.orm.connections.pooling : INFO --> HHH10001005: Database info:
	Database JDBC URL [Connecting through datasource 'HikariDataSource (HikariPool-1)']
	Database driver: undefined/unknown
	Database version: 8.0.40
	Autocommit mode: undefined/unknown
	Isolation level: undefined/unknown
	Minimum pool size: undefined/unknown
	Maximum pool size: undefined/unknown : initiateService : 
2024-12-26 16:45:44,521 : org.hibernate.engine.transaction.jta.platform.internal.JtaPlatformInitiator : INFO --> HHH000489: No JTA platform available (set 'hibernate.transaction.jta.platform' to enable JTA platform integration) : initiateService : 
2024-12-26 16:45:44,563 : org.springframework.orm.jpa.LocalContainerEntityManagerFactoryBean : INFO --> Initialized JPA EntityManagerFactory for persistence unit 'default' : buildNativeEntityManagerFactory : 
2024-12-26 16:45:44,708 : org.springframework.data.jpa.repository.query.QueryEnhancerFactory : INFO --> Hibernate is in classpath; If applicable, HQL parser will be used. : <clinit> : 
2024-12-26 16:45:44,954 : org.springframework.boot.autoconfigure.orm.jpa.JpaBaseConfiguration$JpaWebConfiguration : WARN --> spring.jpa.open-in-view is enabled by default. Therefore, database queries may be performed during view rendering. Explicitly configure spring.jpa.open-in-view to disable this warning : openEntityManagerInViewInterceptor : 
2024-12-26 16:45:45,121 : org.springframework.boot.devtools.autoconfigure.OptionalLiveReloadServer : INFO --> LiveReload server is running on port 35729 : startServer : 
2024-12-26 16:45:45,138 : org.springframework.boot.web.embedded.tomcat.TomcatWebServer : INFO --> Tomcat started on port 8080 (http) with context path '/' : start : 
2024-12-26 16:45:45,141 : org.api.productcatalogservice.ProductCAtalogServiceApplication : INFO --> Started ProductCAtalogServiceApplication in 2.481 seconds (process running for 2.808) : logStarted : 
2024-12-26 16:45:46,585 : org.apache.catalina.core.ContainerBase.[Tomcat].[localhost].[/] : INFO --> Initializing Spring DispatcherServlet 'dispatcherServlet' : log : 
2024-12-26 16:45:46,585 : org.springframework.web.servlet.DispatcherServlet : INFO --> Initializing Servlet 'dispatcherServlet' : initServletBean : 
2024-12-26 16:45:46,586 : org.springframework.web.servlet.DispatcherServlet : INFO --> Completed initialization in 1 ms : initServletBean : 
2024-12-26 16:45:46,606 : org.api.productcatalogservice.controllers.UserController : INFO --> ----------------Get user with id --------------------------   --->  4721477f-3582-4824-8229-48088b261e3b : getUser : 
2024-12-26 16:45:46,606 : org.api.productcatalogservice.services.UserService : INFO --> getUserById : getUserById : 
2024-12-26 16:46:19,505 : org.springframework.boot.web.embedded.tomcat.GracefulShutdown : INFO --> Commencing graceful shutdown. Waiting for active requests to complete : shutDownGracefully : 
2024-12-26 16:46:19,509 : org.springframework.boot.web.embedded.tomcat.GracefulShutdown : INFO --> Graceful shutdown complete : doShutdown : 
2024-12-26 16:46:19,511 : org.springframework.orm.jpa.LocalContainerEntityManagerFactoryBean : INFO --> Closing JPA EntityManagerFactory for persistence unit 'default' : destroy : 
2024-12-26 16:46:19,513 : com.zaxxer.hikari.HikariDataSource : INFO --> HikariPool-1 - Shutdown initiated... : close : 
2024-12-26 16:46:19,515 : com.zaxxer.hikari.HikariDataSource : INFO --> HikariPool-1 - Shutdown completed. : close : 
2024-12-26 16:46:21,665 : org.api.productcatalogservice.ProductCAtalogServiceApplication : INFO --> Starting ProductCAtalogServiceApplication using Java 23.0.1 with PID 5296 (D:\Github_projects\ProductCatalog\target\classes started by yogeshjoga in D:\Github_projects\ProductCatalog) : logStarting : 
2024-12-26 16:46:21,666 : org.api.productcatalogservice.ProductCAtalogServiceApplication : INFO --> No active profile set, falling back to 1 default profile: "default" : logStartupProfileInfo : 
2024-12-26 16:46:21,690 : org.springframework.boot.devtools.env.DevToolsPropertyDefaultsPostProcessor : INFO --> Devtools property defaults active! Set 'spring.devtools.add-properties' to 'false' to disable : logTo : 
2024-12-26 16:46:21,691 : org.springframework.boot.devtools.env.DevToolsPropertyDefaultsPostProcessor : INFO --> For additional web related logging consider setting the 'logging.level.web' property to 'DEBUG' : logTo : 
2024-12-26 16:46:21,969 : org.springframework.data.repository.config.RepositoryConfigurationDelegate : INFO --> Bootstrapping Spring Data JPA repositories in DEFAULT mode. : registerRepositoriesIn : 
2024-12-26 16:46:21,999 : org.springframework.data.repository.config.RepositoryConfigurationDelegate : INFO --> Finished Spring Data repository scanning in 25 ms. Found 3 JPA repository interfaces. : registerRepositoriesIn : 
2024-12-26 16:46:22,228 : org.springframework.boot.web.embedded.tomcat.TomcatWebServer : INFO --> Tomcat initialized with port 8080 (http) : initialize : 
2024-12-26 16:46:22,235 : org.apache.catalina.core.StandardService : INFO --> Starting service [Tomcat] : log : 
2024-12-26 16:46:22,235 : org.apache.catalina.core.StandardEngine : INFO --> Starting Servlet engine: [Apache Tomcat/10.1.33] : log : 
2024-12-26 16:46:22,255 : org.apache.catalina.core.ContainerBase.[Tomcat].[localhost].[/] : INFO --> Initializing Spring embedded WebApplicationContext : log : 
2024-12-26 16:46:22,255 : org.springframework.boot.web.servlet.context.ServletWebServerApplicationContext : INFO --> Root WebApplicationContext: initialization completed in 564 ms : prepareWebApplicationContext : 
2024-12-26 16:46:22,318 : org.hibernate.jpa.internal.util.LogHelper : INFO --> HHH000204: Processing PersistenceUnitInfo [name: default] : logPersistenceUnitInformation : 
2024-12-26 16:46:22,345 : org.hibernate.Version : INFO --> HHH000412: Hibernate ORM core version 6.6.2.Final : logVersion : 
2024-12-26 16:46:22,361 : org.hibernate.cache.internal.RegionFactoryInitiator : INFO --> HHH000026: Second-level cache disabled : initiateService : 
2024-12-26 16:46:22,491 : org.springframework.orm.jpa.persistenceunit.SpringPersistenceUnitInfo : INFO --> No LoadTimeWeaver setup: ignoring JPA class transformer : addTransformer : 
2024-12-26 16:46:22,505 : com.zaxxer.hikari.HikariDataSource : INFO --> HikariPool-1 - Starting... : getConnection : 
2024-12-26 16:46:22,682 : com.zaxxer.hikari.pool.HikariPool : INFO --> HikariPool-1 - Added connection com.mysql.cj.jdbc.ConnectionImpl@37959d74 : checkFailFast : 
2024-12-26 16:46:22,683 : com.zaxxer.hikari.HikariDataSource : INFO --> HikariPool-1 - Start completed. : getConnection : 
2024-12-26 16:46:22,723 : org.hibernate.orm.connections.pooling : INFO --> HHH10001005: Database info:
	Database JDBC URL [Connecting through datasource 'HikariDataSource (HikariPool-1)']
	Database driver: undefined/unknown
	Database version: 8.0.40
	Autocommit mode: undefined/unknown
	Isolation level: undefined/unknown
	Minimum pool size: undefined/unknown
	Maximum pool size: undefined/unknown : initiateService : 
2024-12-26 16:46:23,227 : org.hibernate.engine.transaction.jta.platform.internal.JtaPlatformInitiator : INFO --> HHH000489: No JTA platform available (set 'hibernate.transaction.jta.platform' to enable JTA platform integration) : initiateService : 
2024-12-26 16:46:23,265 : org.springframework.orm.jpa.LocalContainerEntityManagerFactoryBean : INFO --> Initialized JPA EntityManagerFactory for persistence unit 'default' : buildNativeEntityManagerFactory : 
2024-12-26 16:46:23,426 : org.springframework.data.jpa.repository.query.QueryEnhancerFactory : INFO --> Hibernate is in classpath; If applicable, HQL parser will be used. : <clinit> : 
2024-12-26 16:46:23,641 : org.springframework.boot.autoconfigure.orm.jpa.JpaBaseConfiguration$JpaWebConfiguration : WARN --> spring.jpa.open-in-view is enabled by default. Therefore, database queries may be performed during view rendering. Explicitly configure spring.jpa.open-in-view to disable this warning : openEntityManagerInViewInterceptor : 
2024-12-26 16:46:23,805 : org.springframework.boot.devtools.autoconfigure.OptionalLiveReloadServer : INFO --> LiveReload server is running on port 35729 : startServer : 
2024-12-26 16:46:23,823 : org.springframework.boot.web.embedded.tomcat.TomcatWebServer : INFO --> Tomcat started on port 8080 (http) with context path '/' : start : 
2024-12-26 16:46:23,826 : org.api.productcatalogservice.ProductCAtalogServiceApplication : INFO --> Started ProductCAtalogServiceApplication in 2.35 seconds (process running for 2.662) : logStarted : 
2024-12-26 16:46:26,069 : org.apache.catalina.core.ContainerBase.[Tomcat].[localhost].[/] : INFO --> Initializing Spring DispatcherServlet 'dispatcherServlet' : log : 
2024-12-26 16:46:26,069 : org.springframework.web.servlet.DispatcherServlet : INFO --> Initializing Servlet 'dispatcherServlet' : initServletBean : 
2024-12-26 16:46:26,069 : org.springframework.web.servlet.DispatcherServlet : INFO --> Completed initialization in 0 ms : initServletBean : 
2024-12-26 16:46:26,089 : org.api.productcatalogservice.controllers.UserController : INFO --> ------------------------------------------------------------------------------------------------ : getUser : 
2024-12-26 16:46:26,089 : org.api.productcatalogservice.controllers.UserController : INFO --> ----------------Get user with id --------------------------   --->  4721477f-3582-4824-8229-48088b261e3b : getUser : 
2024-12-26 16:46:26,089 : org.api.productcatalogservice.controllers.UserController : INFO --> ------------------------------------------------------------------------------------------------ : getUser : 
2024-12-26 16:46:26,090 : org.api.productcatalogservice.services.UserService : INFO --> getUserById : getUserById : 
2024-12-26 16:47:08,948 : org.springframework.boot.web.embedded.tomcat.GracefulShutdown : INFO --> Commencing graceful shutdown. Waiting for active requests to complete : shutDownGracefully : 
2024-12-26 16:47:08,953 : org.springframework.boot.web.embedded.tomcat.GracefulShutdown : INFO --> Graceful shutdown complete : doShutdown : 
2024-12-26 16:47:08,954 : org.springframework.orm.jpa.LocalContainerEntityManagerFactoryBean : INFO --> Closing JPA EntityManagerFactory for persistence unit 'default' : destroy : 
2024-12-26 16:47:08,956 : com.zaxxer.hikari.HikariDataSource : INFO --> HikariPool-1 - Shutdown initiated... : close : 
2024-12-26 16:47:08,959 : com.zaxxer.hikari.HikariDataSource : INFO --> HikariPool-1 - Shutdown completed. : close : 
2024-12-26 16:47:11,620 : org.api.productcatalogservice.ProductCAtalogServiceApplication : INFO --> Starting ProductCAtalogServiceApplication using Java 23.0.1 with PID 9872 (D:\Github_projects\ProductCatalog\target\classes started by yogeshjoga in D:\Github_projects\ProductCatalog) : logStarting : 
2024-12-26 16:47:11,621 : org.api.productcatalogservice.ProductCAtalogServiceApplication : INFO --> No active profile set, falling back to 1 default profile: "default" : logStartupProfileInfo : 
2024-12-26 16:47:11,648 : org.springframework.boot.devtools.env.DevToolsPropertyDefaultsPostProcessor : INFO --> Devtools property defaults active! Set 'spring.devtools.add-properties' to 'false' to disable : logTo : 
2024-12-26 16:47:11,648 : org.springframework.boot.devtools.env.DevToolsPropertyDefaultsPostProcessor : INFO --> For additional web related logging consider setting the 'logging.level.web' property to 'DEBUG' : logTo : 
2024-12-26 16:47:11,950 : org.springframework.data.repository.config.RepositoryConfigurationDelegate : INFO --> Bootstrapping Spring Data JPA repositories in DEFAULT mode. : registerRepositoriesIn : 
2024-12-26 16:47:12,003 : org.springframework.data.repository.config.RepositoryConfigurationDelegate : INFO --> Finished Spring Data repository scanning in 47 ms. Found 3 JPA repository interfaces. : registerRepositoriesIn : 
2024-12-26 16:47:12,243 : org.springframework.boot.web.embedded.tomcat.TomcatWebServer : INFO --> Tomcat initialized with port 8080 (http) : initialize : 
2024-12-26 16:47:12,249 : org.apache.catalina.core.StandardService : INFO --> Starting service [Tomcat] : log : 
2024-12-26 16:47:12,249 : org.apache.catalina.core.StandardEngine : INFO --> Starting Servlet engine: [Apache Tomcat/10.1.33] : log : 
2024-12-26 16:47:12,272 : org.apache.catalina.core.ContainerBase.[Tomcat].[localhost].[/] : INFO --> Initializing Spring embedded WebApplicationContext : log : 
2024-12-26 16:47:12,272 : org.springframework.boot.web.servlet.context.ServletWebServerApplicationContext : INFO --> Root WebApplicationContext: initialization completed in 623 ms : prepareWebApplicationContext : 
2024-12-26 16:47:12,341 : org.hibernate.jpa.internal.util.LogHelper : INFO --> HHH000204: Processing PersistenceUnitInfo [name: default] : logPersistenceUnitInformation : 
2024-12-26 16:47:12,372 : org.hibernate.Version : INFO --> HHH000412: Hibernate ORM core version 6.6.2.Final : logVersion : 
2024-12-26 16:47:12,386 : org.hibernate.cache.internal.RegionFactoryInitiator : INFO --> HHH000026: Second-level cache disabled : initiateService : 
2024-12-26 16:47:12,523 : org.springframework.orm.jpa.persistenceunit.SpringPersistenceUnitInfo : INFO --> No LoadTimeWeaver setup: ignoring JPA class transformer : addTransformer : 
2024-12-26 16:47:12,538 : com.zaxxer.hikari.HikariDataSource : INFO --> HikariPool-1 - Starting... : getConnection : 
2024-12-26 16:47:12,717 : com.zaxxer.hikari.pool.HikariPool : INFO --> HikariPool-1 - Added connection com.mysql.cj.jdbc.ConnectionImpl@7c9e9e73 : checkFailFast : 
2024-12-26 16:47:12,718 : com.zaxxer.hikari.HikariDataSource : INFO --> HikariPool-1 - Start completed. : getConnection : 
2024-12-26 16:47:12,758 : org.hibernate.orm.connections.pooling : INFO --> HHH10001005: Database info:
	Database JDBC URL [Connecting through datasource 'HikariDataSource (HikariPool-1)']
	Database driver: undefined/unknown
	Database version: 8.0.40
	Autocommit mode: undefined/unknown
	Isolation level: undefined/unknown
	Minimum pool size: undefined/unknown
	Maximum pool size: undefined/unknown : initiateService : 
2024-12-26 16:47:13,281 : org.hibernate.engine.transaction.jta.platform.internal.JtaPlatformInitiator : INFO --> HHH000489: No JTA platform available (set 'hibernate.transaction.jta.platform' to enable JTA platform integration) : initiateService : 
2024-12-26 16:47:13,320 : org.springframework.orm.jpa.LocalContainerEntityManagerFactoryBean : INFO --> Initialized JPA EntityManagerFactory for persistence unit 'default' : buildNativeEntityManagerFactory : 
2024-12-26 16:47:13,479 : org.springframework.data.jpa.repository.query.QueryEnhancerFactory : INFO --> Hibernate is in classpath; If applicable, HQL parser will be used. : <clinit> : 
2024-12-26 16:47:13,695 : org.springframework.boot.autoconfigure.orm.jpa.JpaBaseConfiguration$JpaWebConfiguration : WARN --> spring.jpa.open-in-view is enabled by default. Therefore, database queries may be performed during view rendering. Explicitly configure spring.jpa.open-in-view to disable this warning : openEntityManagerInViewInterceptor : 
2024-12-26 16:47:13,853 : org.springframework.boot.devtools.autoconfigure.OptionalLiveReloadServer : INFO --> LiveReload server is running on port 35729 : startServer : 
2024-12-26 16:47:13,869 : org.springframework.boot.web.embedded.tomcat.TomcatWebServer : INFO --> Tomcat started on port 8080 (http) with context path '/' : start : 
2024-12-26 16:47:13,873 : org.api.productcatalogservice.ProductCAtalogServiceApplication : INFO --> Started ProductCAtalogServiceApplication in 2.446 seconds (process running for 2.775) : logStarted : 
2024-12-26 16:47:15,223 : org.apache.catalina.core.ContainerBase.[Tomcat].[localhost].[/] : INFO --> Initializing Spring DispatcherServlet 'dispatcherServlet' : log : 
2024-12-26 16:47:15,223 : org.springframework.web.servlet.DispatcherServlet : INFO --> Initializing Servlet 'dispatcherServlet' : initServletBean : 
2024-12-26 16:47:15,225 : org.springframework.web.servlet.DispatcherServlet : INFO --> Completed initialization in 2 ms : initServletBean : 
2024-12-26 16:47:15,246 : org.api.productcatalogservice.controllers.UserController : INFO --> ------------------------------------------------------------------------------------------------ : getUser : 
2024-12-26 16:47:15,246 : org.api.productcatalogservice.controllers.UserController : INFO --> ----------------   Get user with id   ----------------------------->  4721477f-3582-4824-8229-48088b261e3b : getUser : 
2024-12-26 16:47:15,247 : org.api.productcatalogservice.controllers.UserController : INFO --> ------------------------------------------------------------------------------------------------ : getUser : 
2024-12-26 16:47:15,247 : org.api.productcatalogservice.services.UserService : INFO --> getUserById : getUserById : 
2024-12-26 17:00:11,920 : org.springframework.boot.web.embedded.tomcat.GracefulShutdown : INFO --> Commencing graceful shutdown. Waiting for active requests to complete : shutDownGracefully : 
2024-12-26 17:00:11,924 : org.springframework.boot.web.embedded.tomcat.GracefulShutdown : INFO --> Graceful shutdown complete : doShutdown : 
2024-12-26 17:00:11,926 : org.springframework.orm.jpa.LocalContainerEntityManagerFactoryBean : INFO --> Closing JPA EntityManagerFactory for persistence unit 'default' : destroy : 
2024-12-26 17:00:11,928 : com.zaxxer.hikari.HikariDataSource : INFO --> HikariPool-1 - Shutdown initiated... : close : 
2024-12-26 17:00:11,931 : com.zaxxer.hikari.HikariDataSource : INFO --> HikariPool-1 - Shutdown completed. : close : 
